# JRE version: OpenJDK Runtime Environment (8.0_112-b21) (build 1.8.0_112-release-736-b21)
# Java VM: OpenJDK 64-Bit Server VM (25.112-b21 mixed mode windows-amd64 compressed oops)
Heap:
 par new generation   total 39296K, used 38745K [0x00000000d1200000, 0x00000000d3ca0000, 0x00000000e0c00000)
  eden space 34944K, 100% used [0x00000000d1200000, 0x00000000d3420000, 0x00000000d3420000)
  from space 4352K,  87% used [0x00000000d3860000, 0x00000000d3c164c8, 0x00000000d3ca0000)
  to   space 4352K, 100% used [0x00000000d3420000, 0x00000000d3860000, 0x00000000d3860000)
 concurrent mark-sweep generation total 512000K, used 321360K [0x00000000e0c00000, 0x0000000100000000, 0x0000000100000000)
 Metaspace       used 139972K, capacity 147989K, committed 148204K, reserved 1179648K
  class space    used 17727K, capacity 19146K, committed 19148K, reserved 1048576K
GC Heap History (10 events):
Event: 71154.630 GC heap after
Heap after GC invocations=2168 (full 37):
 par new generation   total 39296K, used 4185K [0x00000000d1200000, 0x00000000d3ca0000, 0x00000000e0c00000)
  eden space 34944K,   0% used [0x00000000d1200000, 0x00000000d1200000, 0x00000000d3420000)
  from space 4352K,  96% used [0x00000000d3420000, 0x00000000d3836760, 0x00000000d3860000)
  to   space 4352K,   0% used [0x00000000d3860000, 0x00000000d3860000, 0x00000000d3ca0000)
 concurrent mark-sweep generation total 502420K, used 307528K [0x00000000e0c00000, 0x00000000ff6a5000, 0x0000000100000000)
 Metaspace       used 139972K, capacity 147989K, committed 148204K, reserved 1179648K
  class space    used 17727K, capacity 19146K, committed 19148K, reserved 1048576K
}
Event: 71154.706 GC heap before
{Heap before GC invocations=2168 (full 37):
 par new generation   total 39296K, used 39129K [0x00000000d1200000, 0x00000000d3ca0000, 0x00000000e0c00000)
  eden space 34944K, 100% used [0x00000000d1200000, 0x00000000d3420000, 0x00000000d3420000)
  from space 4352K,  96% used [0x00000000d3420000, 0x00000000d3836760, 0x00000000d3860000)
  to   space 4352K,   0% used [0x00000000d3860000, 0x00000000d3860000, 0x00000000d3ca0000)
 concurrent mark-sweep generation total 502420K, used 307528K [0x00000000e0c00000, 0x00000000ff6a5000, 0x0000000100000000)
 Metaspace       used 139972K, capacity 147989K, committed 148204K, reserved 1179648K
  class space    used 17727K, capacity 19146K, committed 19148K, reserved 1048576K
Event: 71154.714 GC heap after
Heap after GC invocations=2169 (full 37):
 par new generation   total 39296K, used 4352K [0x00000000d1200000, 0x00000000d3ca0000, 0x00000000e0c00000)
  eden space 34944K,   0% used [0x00000000d1200000, 0x00000000d1200000, 0x00000000d3420000)
  from space 4352K, 100% used [0x00000000d3860000, 0x00000000d3ca0000, 0x00000000d3ca0000)
  to   space 4352K,   0% used [0x00000000d3420000, 0x00000000d3420000, 0x00000000d3860000)
 concurrent mark-sweep generation total 503448K, used 308907K [0x00000000e0c00000, 0x00000000ff7a6000, 0x0000000100000000)
 Metaspace       used 139972K, capacity 147989K, committed 148204K, reserved 1179648K
  class space    used 17727K, capacity 19146K, committed 19148K, reserved 1048576K
}
Event: 71154.801 GC heap before
{Heap before GC invocations=2169 (full 37):
 par new generation   total 39296K, used 39296K [0x00000000d1200000, 0x00000000d3ca0000, 0x00000000e0c00000)
  eden space 34944K, 100% used [0x00000000d1200000, 0x00000000d3420000, 0x00000000d3420000)
  from space 4352K, 100% used [0x00000000d3860000, 0x00000000d3ca0000, 0x00000000d3ca0000)
  to   space 4352K,   0% used [0x00000000d3420000, 0x00000000d3420000, 0x00000000d3860000)
 concurrent mark-sweep generation total 503448K, used 308907K [0x00000000e0c00000, 0x00000000ff7a6000, 0x0000000100000000)
 Metaspace       used 139972K, capacity 147989K, committed 148204K, reserved 1179648K
  class space    used 17727K, capacity 19146K, committed 19148K, reserved 1048576K
Event: 71154.811 GC heap after
Heap after GC invocations=2170 (full 37):
 par new generation   total 39296K, used 4352K [0x00000000d1200000, 0x00000000d3ca0000, 0x00000000e0c00000)
  eden space 34944K,   0% used [0x00000000d1200000, 0x00000000d1200000, 0x00000000d3420000)
  from space 4352K, 100% used [0x00000000d3420000, 0x00000000d3860000, 0x00000000d3860000)
  to   space 4352K,   0% used [0x00000000d3860000, 0x00000000d3860000, 0x00000000d3ca0000)
 concurrent mark-sweep generation total 505560K, used 311712K [0x00000000e0c00000, 0x00000000ff9b6000, 0x0000000100000000)
 Metaspace       used 139972K, capacity 147989K, committed 148204K, reserved 1179648K
  class space    used 17727K, capacity 19146K, committed 19148K, reserved 1048576K
}
Event: 71154.868 GC heap before
{Heap before GC invocations=2170 (full 37):
 par new generation   total 39296K, used 39296K [0x00000000d1200000, 0x00000000d3ca0000, 0x00000000e0c00000)
  eden space 34944K, 100% used [0x00000000d1200000, 0x00000000d3420000, 0x00000000d3420000)
  from space 4352K, 100% used [0x00000000d3420000, 0x00000000d3860000, 0x00000000d3860000)
  to   space 4352K,   0% used [0x00000000d3860000, 0x00000000d3860000, 0x00000000d3ca0000)
 concurrent mark-sweep generation total 505560K, used 311712K [0x00000000e0c00000, 0x00000000ff9b6000, 0x0000000100000000)
 Metaspace       used 139972K, capacity 147989K, committed 148204K, reserved 1179648K
  class space    used 17727K, capacity 19146K, committed 19148K, reserved 1048576K
Event: 71154.877 GC heap after
Heap after GC invocations=2171 (full 37):
 par new generation   total 39296K, used 4352K [0x00000000d1200000, 0x00000000d3ca0000, 0x00000000e0c00000)
  eden space 34944K,   0% used [0x00000000d1200000, 0x00000000d1200000, 0x00000000d3420000)
  from space 4352K, 100% used [0x00000000d3860000, 0x00000000d3ca0000, 0x00000000d3ca0000)
  to   space 4352K,   0% used [0x00000000d3420000, 0x00000000d3420000, 0x00000000d3860000)
 concurrent mark-sweep generation total 507552K, used 314302K [0x00000000e0c00000, 0x00000000ffba8000, 0x0000000100000000)
 Metaspace       used 139972K, capacity 147989K, committed 148204K, reserved 1179648K
  class space    used 17727K, capacity 19146K, committed 19148K, reserved 1048576K
}
Event: 71154.941 GC heap before
{Heap before GC invocations=2171 (full 37):
 par new generation   total 39296K, used 39296K [0x00000000d1200000, 0x00000000d3ca0000, 0x00000000e0c00000)
  eden space 34944K, 100% used [0x00000000d1200000, 0x00000000d3420000, 0x00000000d3420000)
  from space 4352K, 100% used [0x00000000d3860000, 0x00000000d3ca0000, 0x00000000d3ca0000)
  to   space 4352K,   0% used [0x00000000d3420000, 0x00000000d3420000, 0x00000000d3860000)
 concurrent mark-sweep generation total 507552K, used 314302K [0x00000000e0c00000, 0x00000000ffba8000, 0x0000000100000000)
 Metaspace       used 139972K, capacity 147989K, committed 148204K, reserved 1179648K
  class space    used 17727K, capacity 19146K, committed 19148K, reserved 1048576K
Event: 71154.957 GC heap after
Heap after GC invocations=2172 (full 37):
 par new generation   total 39296K, used 4352K [0x00000000d1200000, 0x00000000d3ca0000, 0x00000000e0c00000)
  eden space 34944K,   0% used [0x00000000d1200000, 0x00000000d1200000, 0x00000000d3420000)
  from space 4352K, 100% used [0x00000000d3420000, 0x00000000d3860000, 0x00000000d3860000)
  to   space 4352K,   0% used [0x00000000d3860000, 0x00000000d3860000, 0x00000000d3ca0000)
 concurrent mark-sweep generation total 511392K, used 320179K [0x00000000e0c00000, 0x00000000fff68000, 0x0000000100000000)
 Metaspace       used 139972K, capacity 147989K, committed 148204K, reserved 1179648K
  class space    used 17727K, capacity 19146K, committed 19148K, reserved 1048576K
}
Event: 71155.034 GC heap before
{Heap before GC invocations=2172 (full 37):
 par new generation   total 39296K, used 39296K [0x00000000d1200000, 0x00000000d3ca0000, 0x00000000e0c00000)
  eden space 34944K, 100% used [0x00000000d1200000, 0x00000000d3420000, 0x00000000d3420000)
  from space 4352K, 100% used [0x00000000d3420000, 0x00000000d3860000, 0x00000000d3860000)
  to   space 4352K,   0% used [0x00000000d3860000, 0x00000000d3860000, 0x00000000d3ca0000)
 concurrent mark-sweep generation total 511392K, used 320179K [0x00000000e0c00000, 0x00000000fff68000, 0x0000000100000000)
 Metaspace       used 139972K, capacity 147989K, committed 148204K, reserved 1179648K
  class space    used 17727K, capacity 19146K, committed 19148K, reserved 1048576K

